<?xml version="1.0" encoding="UTF-8"?>
<beans xmlns="http://www.springframework.org/schema/beans"
       xmlns:xsi="http://www.w3.org/2001/XMLSchema-instance"
       xmlns:context="http://www.springframework.org/schema/context"
       xmlns:tx="http://www.springframework.org/schema/tx"
       xsi:schemaLocation="http://www.springframework.org/schema/beans
                            http://www.springframework.org/schema/beans/spring-beans.xsd
                            http://www.springframework.org/schema/context
                            http://www.springframework.org/schema/context/spring-context.xsd
                            http://www.springframework.org/schema/tx
                            http://www.springframework.org/schema/tx/spring-tx.xsd
                            ">


    <context:annotation-config/>
    <context:component-scan base-package="tripComposer"/>
    <context:property-placeholder location="classpath:properties/db.properties"/>


    <bean id="dataSource" class="org.apache.commons.dbcp2.BasicDataSource" destroy-method="close">
        <property name="url" value="${db.url}"/>
        <property name="driverClassName" value="${db.driver}"/>
        <property name="username" value="${db.username}"/>
        <property name="password" value="${db.password}"/>
    </bean>


    <bean id="sessionFactory" class="org.springframework.orm.hibernate4.LocalSessionFactoryBean">
        <property name="dataSource" ref="dataSource" />
        <property name="configLocation" value="classpath:properties/hibernate.cfg.xml" />
    </bean>

    <bean id="countryDAO" class="tripComposer.dao.JPACountryDAO">
        <constructor-arg>
            <ref bean="sessionFactory" />
        </constructor-arg>
    </bean>

    <bean id="cityDAO" class="tripComposer.dao.JPACityDAO">
        <constructor-arg>
            <ref bean="sessionFactory" />
        </constructor-arg>
    </bean>

    <tx:annotation-driven transaction-manager="transactionManager" />
    <bean id="transactionManager" class="org.springframework.jdbc.datasource.DataSourceTransactionManager">
        <property name="dataSource" ref="dataSource" />
    </bean>


</beans>
